# JRE version: OpenJDK Runtime Environment (11.0.10) (build 11.0.10+0-b96-7249189)
# Java VM: OpenJDK 64-Bit Server VM (11.0.10+0-b96-7249189, mixed mode, tiered, compressed oops, g1 gc, windows-amd64)
Heap:
 garbage-first heap   total 465920K, used 389718K [0x0000000080000000, 0x0000000100000000)
  region size 1024K, 167 young (171008K), 12 survivors (12288K)
 Metaspace       used 149036K, capacity 153036K, committed 153088K, reserved 1183744K
  class space    used 18208K, capacity 19712K, committed 19712K, reserved 1048576K
GC Heap History (20 events):
Event: 170.224 GC heap before
{Heap before GC invocations=109 (full 0):
 garbage-first heap   total 395264K, used 311728K [0x0000000080000000, 0x0000000100000000)
  region size 1024K, 105 young (107520K), 8 survivors (8192K)
 Metaspace       used 148273K, capacity 152150K, committed 152448K, reserved 1181696K
  class space    used 18103K, capacity 19532K, committed 19584K, reserved 1048576K
}
Event: 170.254 GC heap after
{Heap after GC invocations=110 (full 0):
 garbage-first heap   total 395264K, used 218281K [0x0000000080000000, 0x0000000100000000)
  region size 1024K, 14 young (14336K), 14 survivors (14336K)
 Metaspace       used 148273K, capacity 152150K, committed 152448K, reserved 1181696K
  class space    used 18103K, capacity 19532K, committed 19584K, reserved 1048576K
}
Event: 170.273 GC heap before
{Heap before GC invocations=110 (full 0):
 garbage-first heap   total 395264K, used 223401K [0x0000000080000000, 0x0000000100000000)
  region size 1024K, 19 young (19456K), 14 survivors (14336K)
 Metaspace       used 148274K, capacity 152150K, committed 152448K, reserved 1181696K
  class space    used 18103K, capacity 19532K, committed 19584K, reserved 1048576K
}
Event: 170.325 GC heap after
{Heap after GC invocations=111 (full 0):
 garbage-first heap   total 395264K, used 211531K [0x0000000080000000, 0x0000000100000000)
  region size 1024K, 2 young (2048K), 2 survivors (2048K)
 Metaspace       used 148274K, capacity 152150K, committed 152448K, reserved 1181696K
  class space    used 18103K, capacity 19532K, committed 19584K, reserved 1048576K
}
Event: 171.082 GC heap before
{Heap before GC invocations=111 (full 0):
 garbage-first heap   total 395264K, used 313931K [0x0000000080000000, 0x0000000100000000)
  region size 1024K, 102 young (104448K), 2 survivors (2048K)
 Metaspace       used 148287K, capacity 152158K, committed 152448K, reserved 1181696K
  class space    used 18104K, capacity 19535K, committed 19584K, reserved 1048576K
}
Event: 171.109 GC heap after
{Heap after GC invocations=112 (full 0):
 garbage-first heap   total 395264K, used 218673K [0x0000000080000000, 0x0000000100000000)
  region size 1024K, 9 young (9216K), 9 survivors (9216K)
 Metaspace       used 148287K, capacity 152158K, committed 152448K, reserved 1181696K
  class space    used 18104K, capacity 19535K, committed 19584K, reserved 1048576K
}
Event: 171.830 GC heap before
{Heap before GC invocations=112 (full 0):
 garbage-first heap   total 395264K, used 319025K [0x0000000080000000, 0x0000000100000000)
  region size 1024K, 107 young (109568K), 9 survivors (9216K)
 Metaspace       used 148298K, capacity 152169K, committed 152448K, reserved 1181696K
  class space    used 18106K, capacity 19539K, committed 19584K, reserved 1048576K
}
Event: 171.857 GC heap after
{Heap after GC invocations=113 (full 0):
 garbage-first heap   total 465920K, used 222377K [0x0000000080000000, 0x0000000100000000)
  region size 1024K, 4 young (4096K), 4 survivors (4096K)
 Metaspace       used 148298K, capacity 152169K, committed 152448K, reserved 1181696K
  class space    used 18106K, capacity 19539K, committed 19584K, reserved 1048576K
}
Event: 174.936 GC heap before
{Heap before GC invocations=113 (full 0):
 garbage-first heap   total 465920K, used 353449K [0x0000000080000000, 0x0000000100000000)
  region size 1024K, 131 young (134144K), 4 survivors (4096K)
 Metaspace       used 148409K, capacity 152327K, committed 152448K, reserved 1181696K
  class space    used 18106K, capacity 19539K, committed 19584K, reserved 1048576K
}
Event: 174.958 GC heap after
{Heap after GC invocations=114 (full 0):
 garbage-first heap   total 465920K, used 225901K [0x0000000080000000, 0x0000000100000000)
  region size 1024K, 7 young (7168K), 7 survivors (7168K)
 Metaspace       used 148409K, capacity 152327K, committed 152448K, reserved 1181696K
  class space    used 18106K, capacity 19539K, committed 19584K, reserved 1048576K
}
Event: 181.642 GC heap before
{Heap before GC invocations=114 (full 0):
 garbage-first heap   total 465920K, used 359021K [0x0000000080000000, 0x0000000100000000)
  region size 1024K, 137 young (140288K), 7 survivors (7168K)
 Metaspace       used 148430K, capacity 152338K, committed 152448K, reserved 1181696K
  class space    used 18109K, capacity 19543K, committed 19584K, reserved 1048576K
}
Event: 181.723 GC heap after
{Heap after GC invocations=115 (full 0):
 garbage-first heap   total 465920K, used 224190K [0x0000000080000000, 0x0000000100000000)
  region size 1024K, 6 young (6144K), 6 survivors (6144K)
 Metaspace       used 148430K, capacity 152338K, committed 152448K, reserved 1181696K
  class space    used 18109K, capacity 19543K, committed 19584K, reserved 1048576K
}
Event: 190.828 GC heap before
{Heap before GC invocations=115 (full 0):
 garbage-first heap   total 465920K, used 364478K [0x0000000080000000, 0x0000000100000000)
  region size 1024K, 143 young (146432K), 6 survivors (6144K)
 Metaspace       used 148558K, capacity 152436K, committed 152576K, reserved 1181696K
  class space    used 18126K, capacity 19575K, committed 19712K, reserved 1048576K
}
Event: 190.874 GC heap after
{Heap after GC invocations=116 (full 0):
 garbage-first heap   total 465920K, used 226473K [0x0000000080000000, 0x0000000100000000)
  region size 1024K, 8 young (8192K), 8 survivors (8192K)
 Metaspace       used 148558K, capacity 152436K, committed 152576K, reserved 1181696K
  class space    used 18126K, capacity 19575K, committed 19712K, reserved 1048576K
}
Event: 192.098 GC heap before
{Heap before GC invocations=116 (full 0):
 garbage-first heap   total 465920K, used 369833K [0x0000000080000000, 0x0000000100000000)
  region size 1024K, 148 young (151552K), 8 survivors (8192K)
 Metaspace       used 148722K, capacity 152612K, committed 152832K, reserved 1181696K
  class space    used 18151K, capacity 19591K, committed 19712K, reserved 1048576K
}
Event: 192.133 GC heap after
{Heap after GC invocations=117 (full 0):
 garbage-first heap   total 465920K, used 226827K [0x0000000080000000, 0x0000000100000000)
  region size 1024K, 9 young (9216K), 9 survivors (9216K)
 Metaspace       used 148722K, capacity 152612K, committed 152832K, reserved 1181696K
  class space    used 18151K, capacity 19591K, committed 19712K, reserved 1048576K
}
Event: 193.403 GC heap before
{Heap before GC invocations=117 (full 0):
 garbage-first heap   total 465920K, used 373259K [0x0000000080000000, 0x0000000100000000)
  region size 1024K, 153 young (156672K), 9 survivors (9216K)
 Metaspace       used 148981K, capacity 153020K, committed 153088K, reserved 1183744K
  class space    used 18205K, capacity 19708K, committed 19712K, reserved 1048576K
}
Event: 193.431 GC heap after
{Heap after GC invocations=118 (full 0):
 garbage-first heap   total 465920K, used 227879K [0x0000000080000000, 0x0000000100000000)
  region size 1024K, 10 young (10240K), 10 survivors (10240K)
 Metaspace       used 148981K, capacity 153020K, committed 153088K, reserved 1183744K
  class space    used 18205K, capacity 19708K, committed 19712K, reserved 1048576K
}
Event: 194.756 GC heap before
{Heap before GC invocations=118 (full 0):
 garbage-first heap   total 465920K, used 390695K [0x0000000080000000, 0x0000000100000000)
  region size 1024K, 167 young (171008K), 10 survivors (10240K)
 Metaspace       used 149014K, capacity 153023K, committed 153088K, reserved 1183744K
  class space    used 18205K, capacity 19708K, committed 19712K, reserved 1048576K
}
Event: 194.810 GC heap after
{Heap after GC invocations=119 (full 0):
 garbage-first heap   total 465920K, used 232022K [0x0000000080000000, 0x0000000100000000)
  region size 1024K, 12 young (12288K), 12 survivors (12288K)
 Metaspace       used 149014K, capacity 153023K, committed 153088K, reserved 1183744K
  class space    used 18205K, capacity 19708K, committed 19712K, reserved 1048576K
}

